0 info it worked if it ends with ok
1 verbose cli [ '/home/vagrant/.nvm/versions/node/v6.9.5/bin/node',
1 verbose cli   '/home/vagrant/.nvm/versions/node/v6.9.5/bin/npm',
1 verbose cli   'start' ]
2 info using npm@3.10.10
3 info using node@v6.9.5
4 verbose run-script [ 'prestart', 'start', 'poststart' ]
5 info lifecycle mapapalooza@0.0.1~prestart: mapapalooza@0.0.1
6 silly lifecycle mapapalooza@0.0.1~prestart: no script for prestart, continuing
7 info lifecycle mapapalooza@0.0.1~start: mapapalooza@0.0.1
8 verbose lifecycle mapapalooza@0.0.1~start: unsafe-perm in lifecycle true
9 verbose lifecycle mapapalooza@0.0.1~start: PATH: /home/vagrant/.nvm/versions/node/v6.9.5/lib/node_modules/npm/bin/node-gyp-bin:/vagrant/weeks/week4/ground_plan/node_modules/.bin:/home/vagrant/.nvm/versions/node/v6.9.5/bin:/home/vagrant/.rvm/gems/ruby-2.3.3/bin:/home/vagrant/.rvm/gems/ruby-2.3.3@global/bin:/home/vagrant/.rvm/rubies/ruby-2.3.3/bin:/usr/local/sbin:/usr/local/bin:/usr/sbin:/usr/bin:/sbin:/bin:/usr/games:/usr/local/games:/home/vagrant/.rvm/bin:/home/vagrant/.rvm/bin
10 verbose lifecycle mapapalooza@0.0.1~start: CWD: /vagrant/weeks/week4/ground_plan
11 silly lifecycle mapapalooza@0.0.1~start: Args: [ '-c', 'node express_server.js' ]
12 silly lifecycle mapapalooza@0.0.1~start: Returned: code: 1  signal: null
13 info lifecycle mapapalooza@0.0.1~start: Failed to exec start script
14 verbose stack Error: mapapalooza@0.0.1 start: `node express_server.js`
14 verbose stack Exit status 1
14 verbose stack     at EventEmitter.<anonymous> (/home/vagrant/.nvm/versions/node/v6.9.5/lib/node_modules/npm/lib/utils/lifecycle.js:255:16)
14 verbose stack     at emitTwo (events.js:106:13)
14 verbose stack     at EventEmitter.emit (events.js:191:7)
14 verbose stack     at ChildProcess.<anonymous> (/home/vagrant/.nvm/versions/node/v6.9.5/lib/node_modules/npm/lib/utils/spawn.js:40:14)
14 verbose stack     at emitTwo (events.js:106:13)
14 verbose stack     at ChildProcess.emit (events.js:191:7)
14 verbose stack     at maybeClose (internal/child_process.js:877:16)
14 verbose stack     at Process.ChildProcess._handle.onexit (internal/child_process.js:226:5)
15 verbose pkgid mapapalooza@0.0.1
16 verbose cwd /vagrant/weeks/week4/ground_plan
17 error Linux 4.4.0-21-generic
18 error argv "/home/vagrant/.nvm/versions/node/v6.9.5/bin/node" "/home/vagrant/.nvm/versions/node/v6.9.5/bin/npm" "start"
19 error node v6.9.5
20 error npm  v3.10.10
21 error code ELIFECYCLE
22 error mapapalooza@0.0.1 start: `node express_server.js`
22 error Exit status 1
23 error Failed at the mapapalooza@0.0.1 start script 'node express_server.js'.
23 error Make sure you have the latest version of node.js and npm installed.
23 error If you do, this is most likely a problem with the mapapalooza package,
23 error not with npm itself.
23 error Tell the author that this fails on your system:
23 error     node express_server.js
23 error You can get information on how to open an issue for this project with:
23 error     npm bugs mapapalooza
23 error Or if that isn't available, you can get their info via:
23 error     npm owner ls mapapalooza
23 error There is likely additional logging output above.
24 verbose exit [ 1, true ]
